app/build/intermediates/manifest_merge_blame_file/debug/manifest-merger-blame-debug-report.txt
1<?xml version="1.0" encoding="utf-8"?>
2<manifest xmlns:android="http://schemas.android.com/apk/res/android"
3    package="com.example.qr_dasher"
4    android:versionCode="1"
5    android:versionName="1.0" >
6
7    <uses-sdk
8        android:minSdkVersion="24"
9        android:targetSdkVersion="34" />
10
11    <uses-permission android:name="android.permission.WRITE_EXTERNAL_STORAGE" />
11-->src\main\AndroidManifest.xml:5:5-81
11-->src\main\AndroidManifest.xml:5:22-78
12    <uses-permission android:name="android.permission.CAMERA" /> <!-- Don't require camera, as this requires a rear camera. This allows it to work on the Nexus 7 -->
12-->[com.journeyapps:zxing-android-embedded:4.2.0] AndroidManifest.xml:22:5-65
12-->[com.journeyapps:zxing-android-embedded:4.2.0] AndroidManifest.xml:22:22-62
13    <uses-feature
13-->[com.journeyapps:zxing-android-embedded:4.2.0] AndroidManifest.xml:25:5-27:36
14        android:name="android.hardware.camera"
14-->[com.journeyapps:zxing-android-embedded:4.2.0] AndroidManifest.xml:26:9-47
15        android:required="false" />
15-->[com.journeyapps:zxing-android-embedded:4.2.0] AndroidManifest.xml:27:9-33
16    <uses-feature
16-->[com.journeyapps:zxing-android-embedded:4.2.0] AndroidManifest.xml:28:5-30:36
17        android:name="android.hardware.camera.front"
17-->[com.journeyapps:zxing-android-embedded:4.2.0] AndroidManifest.xml:29:9-53
18        android:required="false" /> <!-- TODO replace above two with next line after Android 4.2 -->
18-->[com.journeyapps:zxing-android-embedded:4.2.0] AndroidManifest.xml:30:9-33
19    <!-- <uses-feature android:name="android.hardware.camera.any"/> -->
20    <uses-feature
20-->[com.journeyapps:zxing-android-embedded:4.2.0] AndroidManifest.xml:33:5-35:36
21        android:name="android.hardware.camera.autofocus"
21-->[com.journeyapps:zxing-android-embedded:4.2.0] AndroidManifest.xml:34:9-57
22        android:required="false" />
22-->[com.journeyapps:zxing-android-embedded:4.2.0] AndroidManifest.xml:35:9-33
23    <uses-feature
23-->[com.journeyapps:zxing-android-embedded:4.2.0] AndroidManifest.xml:36:5-38:36
24        android:name="android.hardware.camera.flash"
24-->[com.journeyapps:zxing-android-embedded:4.2.0] AndroidManifest.xml:37:9-53
25        android:required="false" />
25-->[com.journeyapps:zxing-android-embedded:4.2.0] AndroidManifest.xml:38:9-33
26    <uses-feature
26-->[com.journeyapps:zxing-android-embedded:4.2.0] AndroidManifest.xml:39:5-41:36
27        android:name="android.hardware.screen.landscape"
27-->[com.journeyapps:zxing-android-embedded:4.2.0] AndroidManifest.xml:40:9-57
28        android:required="false" />
28-->[com.journeyapps:zxing-android-embedded:4.2.0] AndroidManifest.xml:41:9-33
29    <uses-feature
29-->[com.journeyapps:zxing-android-embedded:4.2.0] AndroidManifest.xml:42:5-44:36
30        android:name="android.hardware.wifi"
30-->[com.journeyapps:zxing-android-embedded:4.2.0] AndroidManifest.xml:43:9-45
31        android:required="false" /> <!-- Although the *SdkVersion is captured in gradle build files, this is required for non gradle builds -->
31-->[com.journeyapps:zxing-android-embedded:4.2.0] AndroidManifest.xml:44:9-33
32    <!-- <uses-sdk android:minSdkVersion="14" /> -->
33    <uses-permission android:name="android.permission.ACCESS_NETWORK_STATE" />
33-->[com.google.firebase:firebase-firestore:24.10.3] AndroidManifest.xml:10:5-79
33-->[com.google.firebase:firebase-firestore:24.10.3] AndroidManifest.xml:10:22-76
34    <uses-permission android:name="android.permission.INTERNET" />
34-->[com.google.firebase:firebase-firestore:24.10.3] AndroidManifest.xml:11:5-67
34-->[com.google.firebase:firebase-firestore:24.10.3] AndroidManifest.xml:11:22-64
35    <uses-permission android:name="android.permission.POST_NOTIFICATIONS" />
35-->[com.google.firebase:firebase-messaging:23.4.1] AndroidManifest.xml:23:5-77
35-->[com.google.firebase:firebase-messaging:23.4.1] AndroidManifest.xml:23:22-74
36    <uses-permission android:name="android.permission.WAKE_LOCK" /> <!-- Required by older versions of Google Play services to create IID tokens -->
36-->[com.google.firebase:firebase-messaging:23.4.1] AndroidManifest.xml:24:5-68
36-->[com.google.firebase:firebase-messaging:23.4.1] AndroidManifest.xml:24:22-65
37    <uses-permission android:name="com.google.android.c2dm.permission.RECEIVE" />
37-->[com.google.firebase:firebase-messaging:23.4.1] AndroidManifest.xml:26:5-82
37-->[com.google.firebase:firebase-messaging:23.4.1] AndroidManifest.xml:26:22-79
38    <uses-permission android:name="com.google.android.gms.permission.AD_ID" />
38-->[com.google.android.gms:play-services-measurement-api:21.5.1] AndroidManifest.xml:25:5-79
38-->[com.google.android.gms:play-services-measurement-api:21.5.1] AndroidManifest.xml:25:22-76
39    <uses-permission android:name="android.permission.ACCESS_ADSERVICES_ATTRIBUTION" />
39-->[com.google.android.gms:play-services-measurement-api:21.5.1] AndroidManifest.xml:26:5-88
39-->[com.google.android.gms:play-services-measurement-api:21.5.1] AndroidManifest.xml:26:22-85
40    <uses-permission android:name="android.permission.ACCESS_ADSERVICES_AD_ID" />
40-->[com.google.android.gms:play-services-measurement-api:21.5.1] AndroidManifest.xml:27:5-82
40-->[com.google.android.gms:play-services-measurement-api:21.5.1] AndroidManifest.xml:27:22-79
41    <uses-permission android:name="com.google.android.finsky.permission.BIND_GET_INSTALL_REFERRER_SERVICE" />
41-->[com.google.android.gms:play-services-measurement:21.5.1] AndroidManifest.xml:26:5-110
41-->[com.google.android.gms:play-services-measurement:21.5.1] AndroidManifest.xml:26:22-107
42
43    <permission
43-->[androidx.core:core:1.9.0] AndroidManifest.xml:22:5-24:47
44        android:name="com.example.qr_dasher.DYNAMIC_RECEIVER_NOT_EXPORTED_PERMISSION"
44-->[androidx.core:core:1.9.0] AndroidManifest.xml:23:9-81
45        android:protectionLevel="signature" />
45-->[androidx.core:core:1.9.0] AndroidManifest.xml:24:9-44
46
47    <uses-permission android:name="com.example.qr_dasher.DYNAMIC_RECEIVER_NOT_EXPORTED_PERMISSION" />
47-->[androidx.core:core:1.9.0] AndroidManifest.xml:26:5-97
47-->[androidx.core:core:1.9.0] AndroidManifest.xml:26:22-94
48
49    <application
49-->src\main\AndroidManifest.xml:7:5-50:19
50        android:allowBackup="true"
50-->src\main\AndroidManifest.xml:8:9-35
51        android:appComponentFactory="androidx.core.app.CoreComponentFactory"
51-->[androidx.core:core:1.9.0] AndroidManifest.xml:28:18-86
52        android:dataExtractionRules="@xml/data_extraction_rules"
52-->src\main\AndroidManifest.xml:9:9-65
53        android:debuggable="true"
54        android:extractNativeLibs="false"
55        android:fullBackupContent="@xml/backup_rules"
55-->src\main\AndroidManifest.xml:10:9-54
56        android:icon="@mipmap/ic_launcher"
56-->src\main\AndroidManifest.xml:11:9-43
57        android:label="@string/app_name"
57-->src\main\AndroidManifest.xml:12:9-41
58        android:roundIcon="@mipmap/ic_launcher_round"
58-->src\main\AndroidManifest.xml:13:9-54
59        android:supportsRtl="true"
59-->src\main\AndroidManifest.xml:14:9-35
60        android:testOnly="true"
61        android:theme="@style/Theme.QRDasher" >
61-->src\main\AndroidManifest.xml:15:9-46
62        <activity
62-->src\main\AndroidManifest.xml:17:9-19:40
63            android:name="com.example.qr_dasher.BrowseEvents"
63-->src\main\AndroidManifest.xml:18:13-41
64            android:exported="false" />
64-->src\main\AndroidManifest.xml:19:13-37
65        <activity
65-->src\main\AndroidManifest.xml:20:9-22:40
66            android:name="com.example.qr_dasher.EditProfile"
66-->src\main\AndroidManifest.xml:21:13-40
67            android:exported="false" />
67-->src\main\AndroidManifest.xml:22:13-37
68        <activity
68-->src\main\AndroidManifest.xml:23:9-25:40
69            android:name="com.example.qr_dasher.SendNotification"
69-->src\main\AndroidManifest.xml:24:13-45
70            android:exported="false" />
70-->src\main\AndroidManifest.xml:25:13-37
71        <activity
71-->src\main\AndroidManifest.xml:26:9-28:40
72            android:name="com.example.qr_dasher.EventDetails"
72-->src\main\AndroidManifest.xml:27:13-41
73            android:exported="false" />
73-->src\main\AndroidManifest.xml:28:13-37
74        <activity
74-->src\main\AndroidManifest.xml:29:9-31:40
75            android:name="com.example.qr_dasher.CreateEventOrganizer"
75-->src\main\AndroidManifest.xml:30:13-49
76            android:exported="false" />
76-->src\main\AndroidManifest.xml:31:13-37
77        <activity
77-->src\main\AndroidManifest.xml:32:9-34:40
78            android:name="com.example.qr_dasher.reuseQRcodes"
78-->src\main\AndroidManifest.xml:33:13-41
79            android:exported="false" />
79-->src\main\AndroidManifest.xml:34:13-37
80        <activity
80-->src\main\AndroidManifest.xml:35:9-45:20
81            android:name="com.example.qr_dasher.HomePage"
81-->src\main\AndroidManifest.xml:36:13-37
82            android:exported="true"
82-->src\main\AndroidManifest.xml:37:13-36
83            android:label="@string/app_name"
83-->src\main\AndroidManifest.xml:38:13-45
84            android:theme="@style/Theme.QRDasher" >
84-->src\main\AndroidManifest.xml:39:13-50
85            <intent-filter>
85-->src\main\AndroidManifest.xml:40:13-44:29
86                <action android:name="android.intent.action.MAIN" />
86-->src\main\AndroidManifest.xml:41:17-69
86-->src\main\AndroidManifest.xml:41:25-66
87
88                <category android:name="android.intent.category.LAUNCHER" />
88-->src\main\AndroidManifest.xml:43:17-77
88-->src\main\AndroidManifest.xml:43:27-74
89            </intent-filter>
90        </activity>
91        <activity android:name="com.example.qr_dasher.RolePage" />
91-->src\main\AndroidManifest.xml:46:9-46
91-->src\main\AndroidManifest.xml:46:19-43
92        <activity android:name="com.example.qr_dasher.Attendee" />
92-->src\main\AndroidManifest.xml:47:9-46
92-->src\main\AndroidManifest.xml:47:19-43
93        <activity android:name="com.example.qr_dasher.Organizer" />
93-->src\main\AndroidManifest.xml:48:9-47
93-->src\main\AndroidManifest.xml:48:19-44
94        <activity android:name="com.example.qr_dasher.ScanQR" />
94-->src\main\AndroidManifest.xml:49:9-44
94-->src\main\AndroidManifest.xml:49:19-41
95        <activity
95-->[com.journeyapps:zxing-android-embedded:4.2.0] AndroidManifest.xml:47:9-53:63
96            android:name="com.journeyapps.barcodescanner.CaptureActivity"
96-->[com.journeyapps:zxing-android-embedded:4.2.0] AndroidManifest.xml:48:13-74
97            android:clearTaskOnLaunch="true"
97-->[com.journeyapps:zxing-android-embedded:4.2.0] AndroidManifest.xml:49:13-45
98            android:screenOrientation="sensorLandscape"
98-->[com.journeyapps:zxing-android-embedded:4.2.0] AndroidManifest.xml:50:13-56
99            android:stateNotNeeded="true"
99-->[com.journeyapps:zxing-android-embedded:4.2.0] AndroidManifest.xml:51:13-42
100            android:theme="@style/zxing_CaptureTheme"
100-->[com.journeyapps:zxing-android-embedded:4.2.0] AndroidManifest.xml:52:13-54
101            android:windowSoftInputMode="stateAlwaysHidden" />
101-->[com.journeyapps:zxing-android-embedded:4.2.0] AndroidManifest.xml:53:13-60
102
103        <service
103-->[com.google.firebase:firebase-firestore:24.10.3] AndroidManifest.xml:14:9-23:19
104            android:name="com.google.firebase.components.ComponentDiscoveryService"
104-->[com.google.firebase:firebase-firestore:24.10.3] AndroidManifest.xml:15:13-84
105            android:directBootAware="true"
105-->[com.google.firebase:firebase-common:20.4.2] AndroidManifest.xml:32:13-43
106            android:exported="false" >
106-->[com.google.firebase:firebase-firestore:24.10.3] AndroidManifest.xml:16:13-37
107            <meta-data
107-->[com.google.firebase:firebase-firestore:24.10.3] AndroidManifest.xml:17:13-19:85
108                android:name="com.google.firebase.components:com.google.firebase.firestore.FirebaseFirestoreKtxRegistrar"
108-->[com.google.firebase:firebase-firestore:24.10.3] AndroidManifest.xml:18:17-122
109                android:value="com.google.firebase.components.ComponentRegistrar" />
109-->[com.google.firebase:firebase-firestore:24.10.3] AndroidManifest.xml:19:17-82
110            <meta-data
110-->[com.google.firebase:firebase-firestore:24.10.3] AndroidManifest.xml:20:13-22:85
111                android:name="com.google.firebase.components:com.google.firebase.firestore.FirestoreRegistrar"
111-->[com.google.firebase:firebase-firestore:24.10.3] AndroidManifest.xml:21:17-111
112                android:value="com.google.firebase.components.ComponentRegistrar" />
112-->[com.google.firebase:firebase-firestore:24.10.3] AndroidManifest.xml:22:17-82
113            <meta-data
113-->[com.google.firebase:firebase-messaging:23.4.1] AndroidManifest.xml:57:13-59:85
114                android:name="com.google.firebase.components:com.google.firebase.messaging.FirebaseMessagingKtxRegistrar"
114-->[com.google.firebase:firebase-messaging:23.4.1] AndroidManifest.xml:58:17-122
115                android:value="com.google.firebase.components.ComponentRegistrar" />
115-->[com.google.firebase:firebase-messaging:23.4.1] AndroidManifest.xml:59:17-82
116            <meta-data
116-->[com.google.firebase:firebase-messaging:23.4.1] AndroidManifest.xml:60:13-62:85
117                android:name="com.google.firebase.components:com.google.firebase.messaging.FirebaseMessagingRegistrar"
117-->[com.google.firebase:firebase-messaging:23.4.1] AndroidManifest.xml:61:17-119
118                android:value="com.google.firebase.components.ComponentRegistrar" />
118-->[com.google.firebase:firebase-messaging:23.4.1] AndroidManifest.xml:62:17-82
119            <meta-data
119-->[com.google.firebase:firebase-datatransport:18.1.7] AndroidManifest.xml:27:13-29:85
120                android:name="com.google.firebase.components:com.google.firebase.datatransport.TransportRegistrar"
120-->[com.google.firebase:firebase-datatransport:18.1.7] AndroidManifest.xml:28:17-115
121                android:value="com.google.firebase.components.ComponentRegistrar" />
121-->[com.google.firebase:firebase-datatransport:18.1.7] AndroidManifest.xml:29:17-82
122            <meta-data
122-->[com.google.android.gms:play-services-measurement-api:21.5.1] AndroidManifest.xml:37:13-39:85
123                android:name="com.google.firebase.components:com.google.firebase.analytics.connector.internal.AnalyticsConnectorRegistrar"
123-->[com.google.android.gms:play-services-measurement-api:21.5.1] AndroidManifest.xml:38:17-139
124                android:value="com.google.firebase.components.ComponentRegistrar" />
124-->[com.google.android.gms:play-services-measurement-api:21.5.1] AndroidManifest.xml:39:17-82
125            <meta-data
125-->[com.google.firebase:firebase-installations:17.2.0] AndroidManifest.xml:15:13-17:85
126                android:name="com.google.firebase.components:com.google.firebase.installations.FirebaseInstallationsKtxRegistrar"
126-->[com.google.firebase:firebase-installations:17.2.0] AndroidManifest.xml:16:17-130
127                android:value="com.google.firebase.components.ComponentRegistrar" />
127-->[com.google.firebase:firebase-installations:17.2.0] AndroidManifest.xml:17:17-82
128            <meta-data
128-->[com.google.firebase:firebase-installations:17.2.0] AndroidManifest.xml:18:13-20:85
129                android:name="com.google.firebase.components:com.google.firebase.installations.FirebaseInstallationsRegistrar"
129-->[com.google.firebase:firebase-installations:17.2.0] AndroidManifest.xml:19:17-127
130                android:value="com.google.firebase.components.ComponentRegistrar" />
130-->[com.google.firebase:firebase-installations:17.2.0] AndroidManifest.xml:20:17-82
131            <meta-data
131-->[com.google.firebase:firebase-common-ktx:20.4.2] AndroidManifest.xml:12:13-14:85
132                android:name="com.google.firebase.components:com.google.firebase.ktx.FirebaseCommonLegacyRegistrar"
132-->[com.google.firebase:firebase-common-ktx:20.4.2] AndroidManifest.xml:13:17-116
133                android:value="com.google.firebase.components.ComponentRegistrar" />
133-->[com.google.firebase:firebase-common-ktx:20.4.2] AndroidManifest.xml:14:17-82
134            <meta-data
134-->[com.google.firebase:firebase-common:20.4.2] AndroidManifest.xml:35:13-37:85
135                android:name="com.google.firebase.components:com.google.firebase.FirebaseCommonKtxRegistrar"
135-->[com.google.firebase:firebase-common:20.4.2] AndroidManifest.xml:36:17-109
136                android:value="com.google.firebase.components.ComponentRegistrar" />
136-->[com.google.firebase:firebase-common:20.4.2] AndroidManifest.xml:37:17-82
137        </service>
138
139        <receiver
139-->[com.google.firebase:firebase-messaging:23.4.1] AndroidManifest.xml:29:9-40:20
140            android:name="com.google.firebase.iid.FirebaseInstanceIdReceiver"
140-->[com.google.firebase:firebase-messaging:23.4.1] AndroidManifest.xml:30:13-78
141            android:exported="true"
141-->[com.google.firebase:firebase-messaging:23.4.1] AndroidManifest.xml:31:13-36
142            android:permission="com.google.android.c2dm.permission.SEND" >
142-->[com.google.firebase:firebase-messaging:23.4.1] AndroidManifest.xml:32:13-73
143            <intent-filter>
143-->[com.google.firebase:firebase-messaging:23.4.1] AndroidManifest.xml:33:13-35:29
144                <action android:name="com.google.android.c2dm.intent.RECEIVE" />
144-->[com.google.firebase:firebase-messaging:23.4.1] AndroidManifest.xml:34:17-81
144-->[com.google.firebase:firebase-messaging:23.4.1] AndroidManifest.xml:34:25-78
145            </intent-filter>
146
147            <meta-data
147-->[com.google.firebase:firebase-messaging:23.4.1] AndroidManifest.xml:37:13-39:40
148                android:name="com.google.android.gms.cloudmessaging.FINISHED_AFTER_HANDLED"
148-->[com.google.firebase:firebase-messaging:23.4.1] AndroidManifest.xml:38:17-92
149                android:value="true" />
149-->[com.google.firebase:firebase-messaging:23.4.1] AndroidManifest.xml:39:17-37
150        </receiver>
151        <!--
152             FirebaseMessagingService performs security checks at runtime,
153             but set to not exported to explicitly avoid allowing another app to call it.
154        -->
155        <service
155-->[com.google.firebase:firebase-messaging:23.4.1] AndroidManifest.xml:46:9-53:19
156            android:name="com.google.firebase.messaging.FirebaseMessagingService"
156-->[com.google.firebase:firebase-messaging:23.4.1] AndroidManifest.xml:47:13-82
157            android:directBootAware="true"
157-->[com.google.firebase:firebase-messaging:23.4.1] AndroidManifest.xml:48:13-43
158            android:exported="false" >
158-->[com.google.firebase:firebase-messaging:23.4.1] AndroidManifest.xml:49:13-37
159            <intent-filter android:priority="-500" >
159-->[com.google.firebase:firebase-messaging:23.4.1] AndroidManifest.xml:50:13-52:29
159-->[com.google.firebase:firebase-messaging:23.4.1] AndroidManifest.xml:50:28-51
160                <action android:name="com.google.firebase.MESSAGING_EVENT" />
160-->[com.google.firebase:firebase-messaging:23.4.1] AndroidManifest.xml:51:17-78
160-->[com.google.firebase:firebase-messaging:23.4.1] AndroidManifest.xml:51:25-75
161            </intent-filter>
162        </service>
163        <service
163-->[com.google.android.datatransport:transport-backend-cct:3.1.8] AndroidManifest.xml:28:9-34:19
164            android:name="com.google.android.datatransport.runtime.backends.TransportBackendDiscovery"
164-->[com.google.android.datatransport:transport-backend-cct:3.1.8] AndroidManifest.xml:29:13-103
165            android:exported="false" >
165-->[com.google.android.datatransport:transport-backend-cct:3.1.8] AndroidManifest.xml:30:13-37
166            <meta-data
166-->[com.google.android.datatransport:transport-backend-cct:3.1.8] AndroidManifest.xml:31:13-33:39
167                android:name="backend:com.google.android.datatransport.cct.CctBackendFactory"
167-->[com.google.android.datatransport:transport-backend-cct:3.1.8] AndroidManifest.xml:32:17-94
168                android:value="cct" />
168-->[com.google.android.datatransport:transport-backend-cct:3.1.8] AndroidManifest.xml:33:17-36
169        </service>
170        <service
170-->[com.google.android.datatransport:transport-runtime:3.1.8] AndroidManifest.xml:26:9-30:19
171            android:name="com.google.android.datatransport.runtime.scheduling.jobscheduling.JobInfoSchedulerService"
171-->[com.google.android.datatransport:transport-runtime:3.1.8] AndroidManifest.xml:27:13-117
172            android:exported="false"
172-->[com.google.android.datatransport:transport-runtime:3.1.8] AndroidManifest.xml:28:13-37
173            android:permission="android.permission.BIND_JOB_SERVICE" >
173-->[com.google.android.datatransport:transport-runtime:3.1.8] AndroidManifest.xml:29:13-69
174        </service>
175
176        <receiver
176-->[com.google.android.datatransport:transport-runtime:3.1.8] AndroidManifest.xml:32:9-34:40
177            android:name="com.google.android.datatransport.runtime.scheduling.jobscheduling.AlarmManagerSchedulerBroadcastReceiver"
177-->[com.google.android.datatransport:transport-runtime:3.1.8] AndroidManifest.xml:33:13-132
178            android:exported="false" />
178-->[com.google.android.datatransport:transport-runtime:3.1.8] AndroidManifest.xml:34:13-37
179
180        <property
180-->[com.google.android.gms:play-services-measurement-api:21.5.1] AndroidManifest.xml:30:9-32:61
181            android:name="android.adservices.AD_SERVICES_CONFIG"
181-->[com.google.android.gms:play-services-measurement-api:21.5.1] AndroidManifest.xml:31:13-65
182            android:resource="@xml/ga_ad_services_config" />
182-->[com.google.android.gms:play-services-measurement-api:21.5.1] AndroidManifest.xml:32:13-58
183
184        <provider
184-->[com.google.firebase:firebase-common:20.4.2] AndroidManifest.xml:23:9-28:39
185            android:name="com.google.firebase.provider.FirebaseInitProvider"
185-->[com.google.firebase:firebase-common:20.4.2] AndroidManifest.xml:24:13-77
186            android:authorities="com.example.qr_dasher.firebaseinitprovider"
186-->[com.google.firebase:firebase-common:20.4.2] AndroidManifest.xml:25:13-72
187            android:directBootAware="true"
187-->[com.google.firebase:firebase-common:20.4.2] AndroidManifest.xml:26:13-43
188            android:exported="false"
188-->[com.google.firebase:firebase-common:20.4.2] AndroidManifest.xml:27:13-37
189            android:initOrder="100" />
189-->[com.google.firebase:firebase-common:20.4.2] AndroidManifest.xml:28:13-36
190        <provider
190-->[androidx.emoji2:emoji2:1.2.0] AndroidManifest.xml:24:9-32:20
191            android:name="androidx.startup.InitializationProvider"
191-->[androidx.emoji2:emoji2:1.2.0] AndroidManifest.xml:25:13-67
192            android:authorities="com.example.qr_dasher.androidx-startup"
192-->[androidx.emoji2:emoji2:1.2.0] AndroidManifest.xml:26:13-68
193            android:exported="false" >
193-->[androidx.emoji2:emoji2:1.2.0] AndroidManifest.xml:27:13-37
194            <meta-data
194-->[androidx.emoji2:emoji2:1.2.0] AndroidManifest.xml:29:13-31:52
195                android:name="androidx.emoji2.text.EmojiCompatInitializer"
195-->[androidx.emoji2:emoji2:1.2.0] AndroidManifest.xml:30:17-75
196                android:value="androidx.startup" />
196-->[androidx.emoji2:emoji2:1.2.0] AndroidManifest.xml:31:17-49
197            <meta-data
197-->[androidx.lifecycle:lifecycle-process:2.6.2] AndroidManifest.xml:29:13-31:52
198                android:name="androidx.lifecycle.ProcessLifecycleInitializer"
198-->[androidx.lifecycle:lifecycle-process:2.6.2] AndroidManifest.xml:30:17-78
199                android:value="androidx.startup" />
199-->[androidx.lifecycle:lifecycle-process:2.6.2] AndroidManifest.xml:31:17-49
200            <meta-data
200-->[androidx.profileinstaller:profileinstaller:1.3.0] AndroidManifest.xml:29:13-31:52
201                android:name="androidx.profileinstaller.ProfileInstallerInitializer"
201-->[androidx.profileinstaller:profileinstaller:1.3.0] AndroidManifest.xml:30:17-85
202                android:value="androidx.startup" />
202-->[androidx.profileinstaller:profileinstaller:1.3.0] AndroidManifest.xml:31:17-49
203        </provider>
204
205        <activity
205-->[com.google.android.gms:play-services-base:18.0.1] AndroidManifest.xml:20:9-22:45
206            android:name="com.google.android.gms.common.api.GoogleApiActivity"
206-->[com.google.android.gms:play-services-base:18.0.1] AndroidManifest.xml:20:19-85
207            android:exported="false"
207-->[com.google.android.gms:play-services-base:18.0.1] AndroidManifest.xml:22:19-43
208            android:theme="@android:style/Theme.Translucent.NoTitleBar" />
208-->[com.google.android.gms:play-services-base:18.0.1] AndroidManifest.xml:21:19-78
209
210        <receiver
210-->[com.google.android.gms:play-services-measurement:21.5.1] AndroidManifest.xml:29:9-33:20
211            android:name="com.google.android.gms.measurement.AppMeasurementReceiver"
211-->[com.google.android.gms:play-services-measurement:21.5.1] AndroidManifest.xml:30:13-85
212            android:enabled="true"
212-->[com.google.android.gms:play-services-measurement:21.5.1] AndroidManifest.xml:31:13-35
213            android:exported="false" >
213-->[com.google.android.gms:play-services-measurement:21.5.1] AndroidManifest.xml:32:13-37
214        </receiver>
215
216        <service
216-->[com.google.android.gms:play-services-measurement:21.5.1] AndroidManifest.xml:35:9-38:40
217            android:name="com.google.android.gms.measurement.AppMeasurementService"
217-->[com.google.android.gms:play-services-measurement:21.5.1] AndroidManifest.xml:36:13-84
218            android:enabled="true"
218-->[com.google.android.gms:play-services-measurement:21.5.1] AndroidManifest.xml:37:13-35
219            android:exported="false" />
219-->[com.google.android.gms:play-services-measurement:21.5.1] AndroidManifest.xml:38:13-37
220        <service
220-->[com.google.android.gms:play-services-measurement:21.5.1] AndroidManifest.xml:39:9-43:72
221            android:name="com.google.android.gms.measurement.AppMeasurementJobService"
221-->[com.google.android.gms:play-services-measurement:21.5.1] AndroidManifest.xml:40:13-87
222            android:enabled="true"
222-->[com.google.android.gms:play-services-measurement:21.5.1] AndroidManifest.xml:41:13-35
223            android:exported="false"
223-->[com.google.android.gms:play-services-measurement:21.5.1] AndroidManifest.xml:42:13-37
224            android:permission="android.permission.BIND_JOB_SERVICE" />
224-->[com.google.android.gms:play-services-measurement:21.5.1] AndroidManifest.xml:43:13-69
225
226        <uses-library
226-->[androidx.privacysandbox.ads:ads-adservices:1.0.0-beta05] AndroidManifest.xml:23:9-25:40
227            android:name="android.ext.adservices"
227-->[androidx.privacysandbox.ads:ads-adservices:1.0.0-beta05] AndroidManifest.xml:24:13-50
228            android:required="false" />
228-->[androidx.privacysandbox.ads:ads-adservices:1.0.0-beta05] AndroidManifest.xml:25:13-37
229        <uses-library
229-->[androidx.window:window:1.0.0] AndroidManifest.xml:25:9-27:40
230            android:name="androidx.window.extensions"
230-->[androidx.window:window:1.0.0] AndroidManifest.xml:26:13-54
231            android:required="false" />
231-->[androidx.window:window:1.0.0] AndroidManifest.xml:27:13-37
232        <uses-library
232-->[androidx.window:window:1.0.0] AndroidManifest.xml:28:9-30:40
233            android:name="androidx.window.sidecar"
233-->[androidx.window:window:1.0.0] AndroidManifest.xml:29:13-51
234            android:required="false" />
234-->[androidx.window:window:1.0.0] AndroidManifest.xml:30:13-37
235
236        <meta-data
236-->[com.google.android.gms:play-services-basement:18.1.0] AndroidManifest.xml:21:9-23:69
237            android:name="com.google.android.gms.version"
237-->[com.google.android.gms:play-services-basement:18.1.0] AndroidManifest.xml:22:13-58
238            android:value="@integer/google_play_services_version" />
238-->[com.google.android.gms:play-services-basement:18.1.0] AndroidManifest.xml:23:13-66
239
240        <receiver
240-->[androidx.profileinstaller:profileinstaller:1.3.0] AndroidManifest.xml:34:9-52:20
241            android:name="androidx.profileinstaller.ProfileInstallReceiver"
241-->[androidx.profileinstaller:profileinstaller:1.3.0] AndroidManifest.xml:35:13-76
242            android:directBootAware="false"
242-->[androidx.profileinstaller:profileinstaller:1.3.0] AndroidManifest.xml:36:13-44
243            android:enabled="true"
243-->[androidx.profileinstaller:profileinstaller:1.3.0] AndroidManifest.xml:37:13-35
244            android:exported="true"
244-->[androidx.profileinstaller:profileinstaller:1.3.0] AndroidManifest.xml:38:13-36
245            android:permission="android.permission.DUMP" >
245-->[androidx.profileinstaller:profileinstaller:1.3.0] AndroidManifest.xml:39:13-57
246            <intent-filter>
246-->[androidx.profileinstaller:profileinstaller:1.3.0] AndroidManifest.xml:40:13-42:29
247                <action android:name="androidx.profileinstaller.action.INSTALL_PROFILE" />
247-->[androidx.profileinstaller:profileinstaller:1.3.0] AndroidManifest.xml:41:17-91
247-->[androidx.profileinstaller:profileinstaller:1.3.0] AndroidManifest.xml:41:25-88
248            </intent-filter>
249            <intent-filter>
249-->[androidx.profileinstaller:profileinstaller:1.3.0] AndroidManifest.xml:43:13-45:29
250                <action android:name="androidx.profileinstaller.action.SKIP_FILE" />
250-->[androidx.profileinstaller:profileinstaller:1.3.0] AndroidManifest.xml:44:17-85